<?xml version="1.0" encoding="UTF-8"?>
<!-- Generated by org.testng.reporters.JUnitReportReporter -->
<testsuite hostname="ka-4k33xl3" failures="0" tests="2" name="tests.testng.AutomatedEngineerTest" time="0.019" errors="0" timestamp="2025-11-01T10:45:58 CET" skipped="0">
  <testcase classname="tests.testng.AutomatedEngineerTest" name="testConstructorAndGetters" time="0.019"/>
  <testcase classname="tests.testng.AutomatedEngineerTest" name="testSetters" time="0.000"/>
</testsuite> <!-- tests.testng.AutomatedEngineerTest -->
