<?xml version="1.0" encoding="UTF-8"?>
<!-- Generated by org.testng.reporters.JUnitReportReporter -->
<testsuite hostname="ka-4k33xl3" failures="0" tests="2" name="tests.testng.ManualEngineerTest" time="0.002" errors="0" timestamp="2025-11-01T06:30:04 CET" skipped="0">
  <testcase classname="tests.testng.ManualEngineerTest" name="testSetters" time="0.000"/>
  <testcase classname="tests.testng.ManualEngineerTest" name="testConstructorAndGetters" time="0.002"/>
</testsuite> <!-- tests.testng.ManualEngineerTest -->
