<?xml version="1.0" encoding="UTF-8"?>
<!-- Generated by org.testng.reporters.JUnitXMLReporter -->
<testsuite ignored="0" hostname="ka-4k33xl3" failures="0" tests="4" name="Surefire test" time="0.098" errors="0" timestamp="2025-11-01T06:30:04 CET">
  <testcase classname="tests.testng.AutomatedEngineerTest" name="testConstructorAndGetters" time="0.018"/>
  <testcase classname="tests.testng.AutomatedEngineerTest" name="testSetters" time="0.001"/>
  <testcase classname="tests.testng.ManualEngineerTest" name="testConstructorAndGetters" time="0.002"/>
  <testcase classname="tests.testng.ManualEngineerTest" name="testSetters" time="0.0"/>
</testsuite> <!-- Surefire test -->
