<?xml version="1.0" encoding="UTF-8"?>
<testng-results ignored="0" total="4" passed="4" failed="0" skipped="0">
  <reporter-output>
  </reporter-output>
  <suite started-at="2025-11-01T10:45:58 CET" name="Surefire suite" finished-at="2025-11-01T10:45:58 CET" duration-ms="93">
    <groups>
    </groups>
    <test started-at="2025-11-01T10:45:58 CET" name="Surefire test" finished-at="2025-11-01T10:45:58 CET" duration-ms="93">
      <class name="tests.testng.AutomatedEngineerTest">
        <test-method signature="testConstructorAndGetters()[pri:0, instance:tests.testng.AutomatedEngineerTest@112f364d]" started-at="2025-11-01T10:45:58 CET" name="testConstructorAndGetters" finished-at="2025-11-01T10:45:58 CET" duration-ms="19" status="PASS">
          <reporter-output>
          </reporter-output>
        </test-method> <!-- testConstructorAndGetters -->
        <test-method signature="testSetters()[pri:0, instance:tests.testng.AutomatedEngineerTest@112f364d]" started-at="2025-11-01T10:45:58 CET" name="testSetters" finished-at="2025-11-01T10:45:58 CET" duration-ms="0" status="PASS">
          <reporter-output>
          </reporter-output>
        </test-method> <!-- testSetters -->
      </class> <!-- tests.testng.AutomatedEngineerTest -->
      <class name="tests.testng.ManualEngineerTest">
        <test-method signature="testConstructorAndGetters()[pri:0, instance:tests.testng.ManualEngineerTest@626c44e7]" started-at="2025-11-01T10:45:58 CET" name="testConstructorAndGetters" finished-at="2025-11-01T10:45:58 CET" duration-ms="2" status="PASS">
          <reporter-output>
          </reporter-output>
        </test-method> <!-- testConstructorAndGetters -->
        <test-method signature="testSetters()[pri:0, instance:tests.testng.ManualEngineerTest@626c44e7]" started-at="2025-11-01T10:45:58 CET" name="testSetters" finished-at="2025-11-01T10:45:58 CET" duration-ms="1" status="PASS">
          <reporter-output>
          </reporter-output>
        </test-method> <!-- testSetters -->
      </class> <!-- tests.testng.ManualEngineerTest -->
    </test> <!-- Surefire test -->
  </suite> <!-- Surefire suite -->
</testng-results>
